\BOOKMARK [1][-]{section.1}{Einleitung}{}% 1
\BOOKMARK [1][-]{section.2}{Theorie}{}% 2
\BOOKMARK [2][-]{subsection.2.1}{Funktionsweise eines Quadrocopters}{section.2}% 3
\BOOKMARK [2][-]{subsection.2.2}{Was ist ein Regler?}{section.2}% 4
\BOOKMARK [3][-]{subsubsection.2.2.1}{P-Regler}{subsection.2.2}% 5
\BOOKMARK [3][-]{subsubsection.2.2.2}{I-Regler}{subsection.2.2}% 6
\BOOKMARK [3][-]{subsubsection.2.2.3}{D-Glied}{subsection.2.2}% 7
\BOOKMARK [3][-]{subsubsection.2.2.4}{PID-Regler}{subsection.2.2}% 8
\BOOKMARK [2][-]{subsection.2.3}{Digitaler Low-Pass Filter}{section.2}% 9
\BOOKMARK [1][-]{section.3}{Versuchsaufbau}{}% 10
\BOOKMARK [2][-]{subsection.3.1}{Quadrocopter}{section.3}% 11
\BOOKMARK [3][-]{subsubsection.3.1.1}{Motoren}{subsection.3.1}% 12
\BOOKMARK [3][-]{subsubsection.3.1.2}{Akku}{subsection.3.1}% 13
\BOOKMARK [2][-]{subsection.3.2}{Der Flightcontroller}{section.3}% 14
\BOOKMARK [3][-]{subsubsection.3.2.1}{Komponenten}{subsection.3.2}% 15
\BOOKMARK [3][-]{subsubsection.3.2.2}{Leiterplatte}{subsection.3.2}% 16
\BOOKMARK [3][-]{subsubsection.3.2.3}{Programmierung}{subsection.3.2}% 17
\BOOKMARK [2][-]{subsection.3.3}{Fernbedienung}{section.3}% 18
\BOOKMARK [2][-]{subsection.3.4}{Filtersimulation}{section.3}% 19
\BOOKMARK [1][-]{section.4}{Versuche}{}% 20
\BOOKMARK [1][-]{section.5}{Ergebnisse}{}% 21
\BOOKMARK [1][-]{section.6}{Diskussion}{}% 22
\BOOKMARK [1][-]{section.7}{Quellenverzeichnis}{}% 23
\BOOKMARK [2][-]{subsection.7.1}{Literaturverzeichnis}{section.7}% 24
\BOOKMARK [2][-]{subsection.7.2}{Abbildungsverzeichnis}{section.7}% 25
\BOOKMARK [1][-]{section.8}{Anhang 1 QR-Code zum Quellcode}{}% 26
\BOOKMARK [1][-]{section.9}{Anhang 2 Beweis und Aufl\366sung des DLPF}{}% 27
